#
# There is insufficient memory for the Java Runtime Environment to continue.
# Native memory allocation (malloc) failed to allocate 147536 bytes for Chunk::new
# Possible reasons:
#   The system is out of physical RAM or swap space
#   In 32 bit mode, the process size limit was hit
# Possible solutions:
#   Reduce memory load on the system
#   Increase physical memory or swap space
#   Check if swap backing store is full
#   Use 64 bit Java on a 64 bit OS
#   Decrease Java heap size (-Xmx/-Xms)
#   Decrease number of Java threads
#   Decrease Java thread stack sizes (-Xss)
#   Set larger code cache with -XX:ReservedCodeCacheSize=
# This output file may be truncated or incomplete.
#
#  Out of Memory Error (allocation.cpp:390), pid=7652, tid=432
#
# JRE version: Java(TM) SE Runtime Environment (8.0_25-b18) (build 1.8.0_25-b18)
# Java VM: Java HotSpot(TM) 64-Bit Server VM (25.25-b02 mixed mode windows-amd64 compressed oops)
# Failed to write core dump. Minidumps are not enabled by default on client versions of Windows
#

---------------  T H R E A D  ---------------

Current thread (0x0000000018d2d000):  JavaThread "C2 CompilerThread0" daemon [_thread_in_native, id=432, stack(0x00000000192f0000,0x00000000193f0000)]

Stack: [0x00000000192f0000,0x00000000193f0000]
Native frames: (J=compiled Java code, j=interpreted, Vv=VM code, C=native code)
V  [jvm.dll+0x31667a]
V  [jvm.dll+0x267073]
V  [jvm.dll+0x267cb3]
V  [jvm.dll+0x25f5b5]
V  [jvm.dll+0xbf165]
V  [jvm.dll+0xbf60c]
V  [jvm.dll+0x478fbc]
V  [jvm.dll+0x4462a4]
V  [jvm.dll+0x45130e]
V  [jvm.dll+0x4538f8]
V  [jvm.dll+0x437372]
V  [jvm.dll+0x98a02]
V  [jvm.dll+0x991f3]
V  [jvm.dll+0x22bde4]
V  [jvm.dll+0x2852fa]
C  [msvcr100.dll+0x21d9f]
C  [msvcr100.dll+0x21e3b]
C  [KERNEL32.DLL+0x13034]
C  [ntdll.dll+0x73691]


Current CompileTask:
C2:   1511 1366       4       org.apache.maven.model.io.xpp3.MavenXpp3Reader::checkFieldWithDuplicate (75 bytes)


---------------  P R O C E S S  ---------------

Java Threads: ( => current thread )
  0x0000000018dbe000 JavaThread "Service Thread" daemon [_thread_blocked, id=6664, stack(0x00000000196f0000,0x00000000197f0000)]
  0x0000000018d30000 JavaThread "C1 CompilerThread3" daemon [_thread_blocked, id=9440, stack(0x00000000195f0000,0x00000000196f0000)]
  0x0000000018d20000 JavaThread "C2 CompilerThread2" daemon [_thread_blocked, id=7392, stack(0x00000000194f0000,0x00000000195f0000)]
  0x0000000018d19800 JavaThread "C2 CompilerThread1" daemon [_thread_blocked, id=6972, stack(0x00000000193f0000,0x00000000194f0000)]
=>0x0000000018d2d000 JavaThread "C2 CompilerThread0" daemon [_thread_in_native, id=432, stack(0x00000000192f0000,0x00000000193f0000)]
  0x0000000018d2c000 JavaThread "Attach Listener" daemon [_thread_blocked, id=7340, stack(0x00000000191f0000,0x00000000192f0000)]
  0x0000000018d29000 JavaThread "Signal Dispatcher" daemon [_thread_blocked, id=5600, stack(0x00000000190f0000,0x00000000191f0000)]
  0x0000000003044000 JavaThread "Finalizer" daemon [_thread_blocked, id=12064, stack(0x0000000018bf0000,0x0000000018cf0000)]
  0x0000000003043000 JavaThread "Reference Handler" daemon [_thread_blocked, id=3924, stack(0x0000000018af0000,0x0000000018bf0000)]
  0x0000000002f54000 JavaThread "main" [_thread_in_native, id=8092, stack(0x0000000002e50000,0x0000000002f50000)]

Other Threads:
  0x0000000016d17000 VMThread [stack: 0x00000000189f0000,0x0000000018af0000] [id=8336]
  0x0000000018dc1000 WatcherThread [stack: 0x00000000197f0000,0x00000000198f0000] [id=11396]

VM state:not at safepoint (normal execution)

VM Mutex/Monitor currently owned by a thread: None

Heap:
 PSYoungGen      total 28672K, used 24630K [0x00000000e0980000, 0x00000000e2980000, 0x0000000100000000)
  eden space 24576K, 83% used [0x00000000e0980000,0x00000000e1d94168,0x00000000e2180000)
  from space 4096K, 99% used [0x00000000e2580000,0x00000000e29798c0,0x00000000e2980000)
  to   space 4096K, 0% used [0x00000000e2180000,0x00000000e2180000,0x00000000e2580000)
 ParOldGen       total 65536K, used 489K [0x00000000a1c00000, 0x00000000a5c00000, 0x00000000e0980000)
  object space 65536K, 0% used [0x00000000a1c00000,0x00000000a1c7a560,0x00000000a5c00000)
 Metaspace       used 12104K, capacity 12310K, committed 12672K, reserved 1060864K
  class space    used 1485K, capacity 1544K, committed 1664K, reserved 1048576K

Card table byte_map: [0x0000000012410000,0x0000000012710000] byte_map_base: 0x0000000011f02000

Marking Bits: (ParMarkBitMap*) 0x0000000050f6d490
 Begin Bits: [0x0000000013110000, 0x00000000148a0000)
 End Bits:   [0x00000000148a0000, 0x0000000016030000)

Polling page: 0x0000000001010000

CodeCache: size=245760Kb used=4815Kb max_used=4833Kb free=240944Kb
 bounds [0x0000000003050000, 0x0000000003510000, 0x0000000012050000]
 total_blobs=1708 nmethods=1392 adapters=229
 compilation: enabled

Compilation events (10 events):
Event: 1.427 Thread 0x0000000018d30000 nmethod 1389 0x00000000034ffad0 code [0x00000000034fff40, 0x00000000035025b8]
Event: 1.427 Thread 0x0000000018d30000 1370       1       org.apache.maven.model.Profile::getActivation (5 bytes)
Event: 1.427 Thread 0x0000000018d30000 nmethod 1370 0x00000000034ff050 code [0x00000000034ff1a0, 0x00000000034ff2b0]
Event: 1.427 Thread 0x0000000018d30000 1385       1       org.apache.maven.model.building.DefaultModelBuildingRequest::getValidationLevel (5 bytes)
Event: 1.427 Thread 0x0000000018d30000 nmethod 1385 0x00000000034fed90 code [0x00000000034feee0, 0x00000000034feff0]
Event: 1.427 Thread 0x0000000018d30000 1388       1       org.apache.maven.model.Dependency::getScope (5 bytes)
Event: 1.427 Thread 0x0000000018d30000 nmethod 1388 0x00000000034fead0 code [0x00000000034fec20, 0x00000000034fed30]
Event: 1.430 Thread 0x0000000018d19800 nmethod 1383 0x00000000034fca50 code [0x00000000034fcc00, 0x00000000034fd100]
Event: 1.430 Thread 0x0000000018d19800 1390       4       java.util.regex.Pattern$5::isSatisfiedBy (28 bytes)
Event: 1.432 Thread 0x0000000018d19800 nmethod 1390 0x00000000035057d0 code [0x0000000003505940, 0x0000000003505c68]

GC Heap History (4 events):
Event: 0.589 GC heap before
{Heap before GC invocations=1 (full 0):
 PSYoungGen      total 28672K, used 24576K [0x00000000e0980000, 0x00000000e2980000, 0x0000000100000000)
  eden space 24576K, 100% used [0x00000000e0980000,0x00000000e2180000,0x00000000e2180000)
  from space 4096K, 0% used [0x00000000e2580000,0x00000000e2580000,0x00000000e2980000)
  to   space 4096K, 0% used [0x00000000e2180000,0x00000000e2180000,0x00000000e2580000)
 ParOldGen       total 65536K, used 0K [0x00000000a1c00000, 0x00000000a5c00000, 0x00000000e0980000)
  object space 65536K, 0% used [0x00000000a1c00000,0x00000000a1c00000,0x00000000a5c00000)
 Metaspace       used 6860K, capacity 7028K, committed 7168K, reserved 1056768K
  class space    used 849K, capacity 920K, committed 1024K, reserved 1048576K
Event: 0.596 GC heap after
Heap after GC invocations=1 (full 0):
 PSYoungGen      total 28672K, used 3761K [0x00000000e0980000, 0x00000000e2980000, 0x0000000100000000)
  eden space 24576K, 0% used [0x00000000e0980000,0x00000000e0980000,0x00000000e2180000)
  from space 4096K, 91% used [0x00000000e2180000,0x00000000e252c5d0,0x00000000e2580000)
  to   space 4096K, 0% used [0x00000000e2580000,0x00000000e2580000,0x00000000e2980000)
 ParOldGen       total 65536K, used 8K [0x00000000a1c00000, 0x00000000a5c00000, 0x00000000e0980000)
  object space 65536K, 0% used [0x00000000a1c00000,0x00000000a1c02000,0x00000000a5c00000)
 Metaspace       used 6860K, capacity 7028K, committed 7168K, reserved 1056768K
  class space    used 849K, capacity 920K, committed 1024K, reserved 1048576K
}
Event: 0.900 GC heap before
{Heap before GC invocations=2 (full 0):
 PSYoungGen      total 28672K, used 28337K [0x00000000e0980000, 0x00000000e2980000, 0x0000000100000000)
  eden space 24576K, 100% used [0x00000000e0980000,0x00000000e2180000,0x00000000e2180000)
  from space 4096K, 91% used [0x00000000e2180000,0x00000000e252c5d0,0x00000000e2580000)
  to   space 4096K, 0% used [0x00000000e2580000,0x00000000e2580000,0x00000000e2980000)
 ParOldGen       total 65536K, used 8K [0x00000000a1c00000, 0x00000000a5c00000, 0x00000000e0980000)
  object space 65536K, 0% used [0x00000000a1c00000,0x00000000a1c02000,0x00000000a5c00000)
 Metaspace       used 9411K, capacity 9594K, committed 9728K, reserved 1058816K
  class space    used 1204K, capacity 1278K, committed 1280K, reserved 1048576K
Event: 0.904 GC heap after
Heap after GC invocations=2 (full 0):
 PSYoungGen      total 28672K, used 4070K [0x00000000e0980000, 0x00000000e2980000, 0x0000000100000000)
  eden space 24576K, 0% used [0x00000000e0980000,0x00000000e0980000,0x00000000e2180000)
  from space 4096K, 99% used [0x00000000e2580000,0x00000000e29798c0,0x00000000e2980000)
  to   space 4096K, 0% used [0x00000000e2180000,0x00000000e2180000,0x00000000e2580000)
 ParOldGen       total 65536K, used 489K [0x00000000a1c00000, 0x00000000a5c00000, 0x00000000e0980000)
  object space 65536K, 0% used [0x00000000a1c00000,0x00000000a1c7a560,0x00000000a5c00000)
 Metaspace       used 9411K, capacity 9594K, committed 9728K, reserved 1058816K
  class space    used 1204K, capacity 1278K, committed 1280K, reserved 1048576K
}

Deoptimization events (10 events):
Event: 0.750 Thread 0x0000000002f54000 Uncommon trap: reason=class_check action=maybe_recompile pc=0x00000000033aac74 method=java.lang.reflect.Executable.getAnnotation(Ljava/lang/Class;)Ljava/lang/annotation/Annotation; @ 11
Event: 0.752 Thread 0x0000000002f54000 Uncommon trap: reason=class_check action=maybe_recompile pc=0x00000000033aac74 method=java.lang.reflect.Executable.getAnnotation(Ljava/lang/Class;)Ljava/lang/annotation/Annotation; @ 11
Event: 0.752 Thread 0x0000000002f54000 Uncommon trap: reason=class_check action=maybe_recompile pc=0x00000000033aac74 method=java.lang.reflect.Executable.getAnnotation(Ljava/lang/Class;)Ljava/lang/annotation/Annotation; @ 11
Event: 0.798 Thread 0x0000000002f54000 Uncommon trap: reason=class_check action=maybe_recompile pc=0x00000000033bd9c8 method=java.util.HashMap.putVal(ILjava/lang/Object;Ljava/lang/Object;ZZ)Ljava/lang/Object; @ 203
Event: 0.798 Thread 0x0000000002f54000 Uncommon trap: reason=class_check action=maybe_recompile pc=0x00000000033bd9c8 method=java.util.HashMap.putVal(ILjava/lang/Object;Ljava/lang/Object;ZZ)Ljava/lang/Object; @ 203
Event: 0.798 Thread 0x0000000002f54000 Uncommon trap: reason=class_check action=maybe_recompile pc=0x00000000033bd9c8 method=java.util.HashMap.putVal(ILjava/lang/Object;Ljava/lang/Object;ZZ)Ljava/lang/Object; @ 203
Event: 0.798 Thread 0x0000000002f54000 Uncommon trap: reason=class_check action=maybe_recompile pc=0x00000000033bd9c8 method=java.util.HashMap.putVal(ILjava/lang/Object;Ljava/lang/Object;ZZ)Ljava/lang/Object; @ 203
Event: 1.064 Thread 0x0000000002f54000 Uncommon trap: reason=predicate action=maybe_recompile pc=0x0000000003315da0 method=java.nio.charset.CharsetDecoder.decode(Ljava/nio/ByteBuffer;Ljava/nio/CharBuffer;Z)Ljava/nio/charset/CoderResult; @ 54
Event: 1.307 Thread 0x0000000002f54000 Uncommon trap: reason=unreached action=reinterpret pc=0x0000000003319d30 method=java.util.HashMap.hash(Ljava/lang/Object;)I @ 1
Event: 1.419 Thread 0x0000000002f54000 Uncommon trap: reason=null_check action=make_not_entrant pc=0x00000000034dbafc method=org.apache.maven.model.io.xpp3.MavenXpp3Reader.checkFieldWithDuplicate(Lorg/codehaus/plexus/util/xml/pull/XmlPullParser;Ljava/lang/String;Ljava/lang/String;Ljava/util/SetqÞ×©

Internal exceptions (10 events):
Event: 1.306 Thread 0x0000000002f54000 Exception <a 'java/security/PrivilegedActionException'> (0x00000000e1aae250) thrown at [D:\re\workspace\8-2-build-windows-amd64-cygwin\jdk8u25\1677\hotspot\src\share\vm\prims\jvm.cpp, line 1312]
Event: 1.306 Thread 0x0000000002f54000 Exception <a 'java/security/PrivilegedActionException'> (0x00000000e1aaec10) thrown at [D:\re\workspace\8-2-build-windows-amd64-cygwin\jdk8u25\1677\hotspot\src\share\vm\prims\jvm.cpp, line 1312]
Event: 1.306 Thread 0x0000000002f54000 Exception <a 'java/security/PrivilegedActionException'> (0x00000000e1ab5138) thrown at [D:\re\workspace\8-2-build-windows-amd64-cygwin\jdk8u25\1677\hotspot\src\share\vm\prims\jvm.cpp, line 1312]
Event: 1.306 Thread 0x0000000002f54000 Exception <a 'java/security/PrivilegedActionException'> (0x00000000e1ab5a58) thrown at [D:\re\workspace\8-2-build-windows-amd64-cygwin\jdk8u25\1677\hotspot\src\share\vm\prims\jvm.cpp, line 1312]
Event: 1.306 Thread 0x0000000002f54000 Exception <a 'java/security/PrivilegedActionException'> (0x00000000e1aba760) thrown at [D:\re\workspace\8-2-build-windows-amd64-cygwin\jdk8u25\1677\hotspot\src\share\vm\prims\jvm.cpp, line 1312]
Event: 1.306 Thread 0x0000000002f54000 Exception <a 'java/security/PrivilegedActionException'> (0x00000000e1abad60) thrown at [D:\re\workspace\8-2-build-windows-amd64-cygwin\jdk8u25\1677\hotspot\src\share\vm\prims\jvm.cpp, line 1312]
Event: 1.307 Thread 0x0000000002f54000 Implicit null exception at 0x0000000003319b55 to 0x0000000003319d21
Event: 1.389 Thread 0x0000000002f54000 Exception <a 'java/security/PrivilegedActionException'> (0x00000000e1c9ab50) thrown at [D:\re\workspace\8-2-build-windows-amd64-cygwin\jdk8u25\1677\hotspot\src\share\vm\prims\jvm.cpp, line 1312]
Event: 1.389 Thread 0x0000000002f54000 Exception <a 'java/security/PrivilegedActionException'> (0x00000000e1c9b520) thrown at [D:\re\workspace\8-2-build-windows-amd64-cygwin\jdk8u25\1677\hotspot\src\share\vm\prims\jvm.cpp, line 1312]
Event: 1.419 Thread 0x0000000002f54000 Implicit null exception at 0x00000000034da7fa to 0x00000000034dbadd

Events (10 events):
Event: 1.306 loading class org/apache/maven/plugin/MojoExecution$Source
Event: 1.306 loading class org/apache/maven/plugin/MojoExecution$Source done
Event: 1.307 Thread 0x0000000002f54000 Uncommon trap: trap_request=0xffffffad fr.pc=0x0000000003319d30
Event: 1.307 Thread 0x0000000002f54000 DEOPT PACKING pc=0x0000000003319d30 sp=0x0000000002f4de20
Event: 1.307 Thread 0x0000000002f54000 DEOPT UNPACKING pc=0x000000000309556a sp=0x0000000002f4dd68 mode 2
Event: 1.389 loading class org/codehaus/plexus/component/repository/ComponentRequirement
Event: 1.389 loading class org/codehaus/plexus/component/repository/ComponentRequirement done
Event: 1.419 Thread 0x0000000002f54000 Uncommon trap: trap_request=0xfffffff4 fr.pc=0x00000000034dbafc
Event: 1.419 Thread 0x0000000002f54000 DEOPT PACKING pc=0x00000000034dbafc sp=0x0000000002f4d5f0
Event: 1.419 Thread 0x0000000002f54000 DEOPT UNPACKING pc=0x000000000309556a sp=0x0000000002f4d5e0 mode 2


Dynamic libraries:
0x00007ff73a530000 - 0x00007ff73a564000 	C:\Users\Mathilde\Desktop\LO54\App\jdk\bin\java.exe
0x00007ffe1c820000 - 0x00007ffe1ca01000 	C:\WINDOWS\SYSTEM32\ntdll.dll
0x00007ffe1bed0000 - 0x00007ffe1bf82000 	C:\WINDOWS\System32\KERNEL32.DLL
0x00007ffe19000000 - 0x00007ffe19273000 	C:\WINDOWS\System32\KERNELBASE.dll
0x00007ffe1bf90000 - 0x00007ffe1c031000 	C:\WINDOWS\System32\ADVAPI32.dll
0x00007ffe1c4f0000 - 0x00007ffe1c58e000 	C:\WINDOWS\System32\msvcrt.dll
0x00007ffe1c700000 - 0x00007ffe1c75b000 	C:\WINDOWS\System32\sechost.dll
0x00007ffe1b860000 - 0x00007ffe1b984000 	C:\WINDOWS\System32\RPCRT4.dll
0x00007ffe1b990000 - 0x00007ffe1bb20000 	C:\WINDOWS\System32\USER32.dll
0x00007ffe18bf0000 - 0x00007ffe18c10000 	C:\WINDOWS\System32\win32u.dll
0x00007ffe1c7c0000 - 0x00007ffe1c7e8000 	C:\WINDOWS\System32\GDI32.dll
0x00007ffe18c70000 - 0x00007ffe18e02000 	C:\WINDOWS\System32\gdi32full.dll
0x00007ffe19350000 - 0x00007ffe193ef000 	C:\WINDOWS\System32\msvcp_win.dll
0x00007ffe193f0000 - 0x00007ffe194ea000 	C:\WINDOWS\System32\ucrtbase.dll
0x00007ffe0aea0000 - 0x00007ffe0b109000 	C:\WINDOWS\WinSxS\amd64_microsoft.windows.common-controls_6595b64144ccf1df_6.0.17134.471_none_fb3e9aab3068fc16\COMCTL32.dll
0x00007ffe1c190000 - 0x00007ffe1c4b2000 	C:\WINDOWS\System32\combase.dll
0x00007ffe19280000 - 0x00007ffe192fa000 	C:\WINDOWS\System32\bcryptPrimitives.dll
0x00007ffe1c4c0000 - 0x00007ffe1c4ed000 	C:\WINDOWS\System32\IMM32.DLL
0x0000000050ff0000 - 0x00000000510c2000 	C:\Users\Mathilde\Desktop\LO54\App\jdk\jre\bin\msvcr100.dll
0x0000000050790000 - 0x0000000050fea000 	C:\Users\Mathilde\Desktop\LO54\App\jdk\jre\bin\server\jvm.dll
0x00007ffe1c640000 - 0x00007ffe1c648000 	C:\WINDOWS\System32\PSAPI.DLL
0x00007ffe16ca0000 - 0x00007ffe16cc3000 	C:\WINDOWS\SYSTEM32\WINMM.dll
0x00007ffe0f720000 - 0x00007ffe0f729000 	C:\WINDOWS\SYSTEM32\WSOCK32.dll
0x00007ffe1bcc0000 - 0x00007ffe1bd2c000 	C:\WINDOWS\System32\WS2_32.dll
0x00007ffe16830000 - 0x00007ffe1685a000 	C:\WINDOWS\SYSTEM32\winmmbase.dll
0x00007ffe19300000 - 0x00007ffe19349000 	C:\WINDOWS\System32\cfgmgr32.dll
0x00000000519f0000 - 0x00000000519ff000 	C:\Users\Mathilde\Desktop\LO54\App\jdk\jre\bin\verify.dll
0x0000000050760000 - 0x0000000050788000 	C:\Users\Mathilde\Desktop\LO54\App\jdk\jre\bin\java.dll
0x00000000514d0000 - 0x00000000514e6000 	C:\Users\Mathilde\Desktop\LO54\App\jdk\jre\bin\zip.dll
0x00007ffe1a420000 - 0x00007ffe1b860000 	C:\WINDOWS\System32\SHELL32.dll
0x00007ffe1c650000 - 0x00007ffe1c6f9000 	C:\WINDOWS\System32\shcore.dll
0x00007ffe195a0000 - 0x00007ffe19cad000 	C:\WINDOWS\System32\windows.storage.dll
0x00007ffe1c760000 - 0x00007ffe1c7b1000 	C:\WINDOWS\System32\shlwapi.dll
0x00007ffe18b90000 - 0x00007ffe18ba1000 	C:\WINDOWS\System32\kernel.appcore.dll
0x00007ffe18bd0000 - 0x00007ffe18bef000 	C:\WINDOWS\System32\profapi.dll
0x00007ffe18b40000 - 0x00007ffe18b8c000 	C:\WINDOWS\System32\powrprof.dll
0x00007ffe18b30000 - 0x00007ffe18b3a000 	C:\WINDOWS\System32\FLTLIB.DLL
0x0000000050740000 - 0x000000005075a000 	C:\Users\Mathilde\Desktop\LO54\App\jdk\jre\bin\net.dll
0x00007ffe18350000 - 0x00007ffe183b6000 	C:\WINDOWS\system32\mswsock.dll
0x0000000050720000 - 0x0000000050731000 	C:\Users\Mathilde\Desktop\LO54\App\jdk\jre\bin\nio.dll
0x00007ffe080b0000 - 0x00007ffe08279000 	C:\WINDOWS\SYSTEM32\dbghelp.dll

VM Arguments:
jvm_args: -Dclassworlds.conf=C:\Users\Mathilde\Desktop\LO54\App\netbeans\java\maven\bin\m2.conf -Dmaven.home=C:\Users\Mathilde\Desktop\LO54\App\netbeans\java\maven 
java_command: org.codehaus.plexus.classworlds.launcher.Launcher -Dmaven.ext.class.path=C:\Users\Mathilde\Desktop\LO54\App\netbeans\java\maven-nblib\netbeans-eventspy.jar -Dfile.encoding=UTF-8 -Djava.net.useSystemProxies=true clean install
java_class_path (initial): C:\Users\Mathilde\Desktop\LO54\App\netbeans\java\maven\boot\plexus-classworlds-2.4.jar
Launcher Type: SUN_STANDARD

Environment Variables:
JAVA_HOME=C:\Users\Mathilde\Desktop\LO54\App\jdk
PATH=C:\Program Files (x86)\Common Files\Oracle\Java\javapath;C:\Program Files (x86)\Embarcadero\RAD Studio\12.0\bin;C:\Users\Public\Documents\RAD Studio\12.0\Bpl;C:\Program Files (x86)\Embarcadero\RAD Studio\12.0\bin64;C:\Users\Public\Documents\RAD Studio\12.0\Bpl\Win64;C:\Program Files (x86)\Embarcadero\Studio\15.0\bin;C:\Users\Public\Documents\Embarcadero\Studio\15.0\Bpl;C:\Program Files (x86)\Embarcadero\Studio\15.0\bin64;C:\Users\Public\Documents\Embarcadero\Studio\15.0\Bpl\Win64;C:\ProgramData\Oracle\Java\javapath;C:\Program Files (x86)\Intel\iCLS Client\;C:\Program Files\Intel\iCLS Client\;C:\Windows\system32;C:\Windows;C:\Windows\System32\Wbem;C:\Windows\System32\WindowsPowerShell\v1.0\;C:\Program Files\Intel\Intel(R) Management Engine Components\DAL;C:\Program Files\Intel\Intel(R) Management Engine Components\IPT;C:\Program Files (x86)\Intel\Intel(R) Management Engine Components\DAL;C:\Program Files (x86)\Intel\Intel(R) Management Engine Components\IPT;C:\Program Files\TortoiseSVN\bin;C:\Program Files (x86)\NVIDIA Corporation\PhysX\Common;C:\WINDOWS\system32;C:\WINDOWS;C:\WINDOWS\System32\Wbem;C:\WINDOWS\System32\WindowsPowerShell\v1.0\;C:\Program Files (x86)\Skype\Phone\;C:\TDM-GCC-64\bin;C:\Program Files\Git\cmd;C:\Program Files\Microsoft SQL Server\130\Tools\Binn\;C:\Program Files\dotnet\;C:\Program Files\MiKTeX 2.9\miktex\bin\x64\;C:\WINDOWS\System32\OpenSSH\;C:\Users\Mathilde\AppData\Local\Microsoft\WindowsApps;C:\Users\Mathilde\AppData\Local\GitHubDesktop\bin;%USERPROFILE%\AppData\Local\Microsoft\WindowsApps;
USERNAME=Mathilde
OS=Windows_NT
PROCESSOR_IDENTIFIER=Intel64 Family 6 Model 60 Stepping 3, GenuineIntel



---------------  S Y S T E M  ---------------

OS: Windows 8.1 , 64 bit Build 9600 

CPU:total 8 (4 cores per cpu, 2 threads per core) family 6 model 60 stepping 3, cmov, cx8, fxsr, mmx, sse, sse2, sse3, ssse3, sse4.1, sse4.2, popcnt, avx, avx2, aes, clmul, erms, lzcnt, ht, tsc, tscinvbit, bmi1, bmi2

Memory: 4k page, physical 6171708k(769264k free), swap 6171708k(5344k free)

vm_info: Java HotSpot(TM) 64-Bit Server VM (25.25-b02) for windows-amd64 JRE (1.8.0_25-b18), built on Oct  7 2014 14:25:37 by "java_re" with MS VC++ 10.0 (VS2010)

time: Mon Dec 17 11:50:53 2018
elapsed time: 1 seconds (0d 0h 0m 1s)

