#
# There is insufficient memory for the Java Runtime Environment to continue.
# Native memory allocation (malloc) failed to allocate 1606896 bytes for Chunk::new
# Possible reasons:
#   The system is out of physical RAM or swap space
#   In 32 bit mode, the process size limit was hit
# Possible solutions:
#   Reduce memory load on the system
#   Increase physical memory or swap space
#   Check if swap backing store is full
#   Use 64 bit Java on a 64 bit OS
#   Decrease Java heap size (-Xmx/-Xms)
#   Decrease number of Java threads
#   Decrease Java thread stack sizes (-Xss)
#   Set larger code cache with -XX:ReservedCodeCacheSize=
# This output file may be truncated or incomplete.
#
#  Out of Memory Error (allocation.cpp:390), pid=11768, tid=10900
#
# JRE version: Java(TM) SE Runtime Environment (8.0_25-b18) (build 1.8.0_25-b18)
# Java VM: Java HotSpot(TM) 64-Bit Server VM (25.25-b02 mixed mode windows-amd64 compressed oops)
# Failed to write core dump. Minidumps are not enabled by default on client versions of Windows
#

---------------  T H R E A D  ---------------

Current thread (0x0000000018493800):  JavaThread "C2 CompilerThread2" daemon [_thread_in_native, id=10900, stack(0x0000000018c60000,0x0000000018d60000)]

Stack: [0x0000000018c60000,0x0000000018d60000]
Native frames: (J=compiled Java code, j=interpreted, Vv=VM code, C=native code)
V  [jvm.dll+0x31667a]
V  [jvm.dll+0x267073]
V  [jvm.dll+0x267cb3]
V  [jvm.dll+0x25f5b5]
V  [jvm.dll+0xbf165]
V  [jvm.dll+0xbf60c]
V  [jvm.dll+0x478fbc]
V  [jvm.dll+0x4463eb]
V  [jvm.dll+0x45130e]
V  [jvm.dll+0x4538f8]
V  [jvm.dll+0x437372]
V  [jvm.dll+0x98a02]
V  [jvm.dll+0x991f3]
V  [jvm.dll+0x22bde4]
V  [jvm.dll+0x2852fa]
C  [msvcr100.dll+0x21d9f]
C  [msvcr100.dll+0x21e3b]
C  [KERNEL32.DLL+0x13034]
C  [ntdll.dll+0x73691]


Current CompileTask:
C2:   8092 1421   !   4       org.apache.maven.model.interpolation.StringSearchModelInterpolator$InterpolateObjectAction::traverseObjectWithParents (118 bytes)


---------------  P R O C E S S  ---------------

Java Threads: ( => current thread )
  0x000000001a7a7800 JavaThread "Thread-1" daemon [_thread_blocked, id=32, stack(0x000000001be00000,0x000000001bf00000)]
  0x000000001b53f000 JavaThread "Thread-3" daemon [_thread_in_native, id=7992, stack(0x000000001bd00000,0x000000001be00000)]
  0x000000001a6ce800 JavaThread "Thread-2" daemon [_thread_in_native, id=10388, stack(0x000000001bc00000,0x000000001bd00000)]
  0x0000000018527000 JavaThread "Service Thread" daemon [_thread_blocked, id=4328, stack(0x0000000018e60000,0x0000000018f60000)]
  0x000000001849c800 JavaThread "C1 CompilerThread3" daemon [_thread_blocked, id=12096, stack(0x0000000018d60000,0x0000000018e60000)]
=>0x0000000018493800 JavaThread "C2 CompilerThread2" daemon [_thread_in_native, id=10900, stack(0x0000000018c60000,0x0000000018d60000)]
  0x0000000018492000 JavaThread "C2 CompilerThread1" daemon [_thread_blocked, id=11420, stack(0x0000000018b60000,0x0000000018c60000)]
  0x0000000018490000 JavaThread "C2 CompilerThread0" daemon [_thread_blocked, id=11280, stack(0x0000000018a60000,0x0000000018b60000)]
  0x000000001848e000 JavaThread "Attach Listener" daemon [_thread_blocked, id=7192, stack(0x0000000018960000,0x0000000018a60000)]
  0x000000001848d800 JavaThread "Signal Dispatcher" daemon [_thread_blocked, id=8912, stack(0x0000000018860000,0x0000000018960000)]
  0x000000001649c000 JavaThread "Finalizer" daemon [_thread_blocked, id=12924, stack(0x0000000018360000,0x0000000018460000)]
  0x0000000002735800 JavaThread "Reference Handler" daemon [_thread_blocked, id=11192, stack(0x0000000018260000,0x0000000018360000)]
  0x0000000002644000 JavaThread "main" [_thread_in_native, id=8200, stack(0x00000000024b0000,0x00000000025b0000)]

Other Threads:
  0x0000000016497800 VMThread [stack: 0x0000000018160000,0x0000000018260000] [id=6224]
  0x000000001852b800 WatcherThread [stack: 0x0000000018f60000,0x0000000019060000] [id=8384]

VM state:not at safepoint (normal execution)

VM Mutex/Monitor currently owned by a thread: None

Heap:
 PSYoungGen      total 28672K, used 8535K [0x00000000e0980000, 0x00000000e2980000, 0x0000000100000000)
  eden space 24576K, 18% used [0x00000000e0980000,0x00000000e0dd9d80,0x00000000e2180000)
  from space 4096K, 99% used [0x00000000e2580000,0x00000000e297c010,0x00000000e2980000)
  to   space 4096K, 0% used [0x00000000e2180000,0x00000000e2180000,0x00000000e2580000)
 ParOldGen       total 65536K, used 3077K [0x00000000a1c00000, 0x00000000a5c00000, 0x00000000e0980000)
  object space 65536K, 4% used [0x00000000a1c00000,0x00000000a1f016f8,0x00000000a5c00000)
 Metaspace       used 13085K, capacity 13374K, committed 13568K, reserved 1060864K
  class space    used 1589K, capacity 1684K, committed 1792K, reserved 1048576K

Card table byte_map: [0x0000000011b90000,0x0000000011e90000] byte_map_base: 0x0000000011682000

Marking Bits: (ParMarkBitMap*) 0x0000000058fed490
 Begin Bits: [0x0000000012890000, 0x0000000014020000)
 End Bits:   [0x0000000014020000, 0x00000000157b0000)

Polling page: 0x00000000003f0000

CodeCache: size=245760Kb used=6647Kb max_used=6680Kb free=239112Kb
 bounds [0x00000000027d0000, 0x0000000002e60000, 0x00000000117d0000]
 total_blobs=2338 nmethods=2022 adapters=229
 compilation: enabled

Compilation events (10 events):
Event: 7.457 Thread 0x000000001849c800 2026       3       java.lang.ProcessEnvironment$CheckedEntrySet$1::next (20 bytes)
Event: 7.458 Thread 0x000000001849c800 nmethod 2026 0x0000000002e42f10 code [0x0000000002e430a0, 0x0000000002e434e8]
Event: 7.458 Thread 0x000000001849c800 2027       3       java.lang.ProcessEnvironment$CheckedEntry::<init> (10 bytes)
Event: 7.458 Thread 0x000000001849c800 nmethod 2027 0x0000000002e34c10 code [0x0000000002e34d60, 0x0000000002e34f30]
Event: 7.458 Thread 0x000000001849c800 2023       3       java.lang.ProcessEnvironment::validateName (54 bytes)
Event: 7.460 Thread 0x000000001849c800 nmethod 2023 0x0000000002e43650 code [0x0000000002e43860, 0x0000000002e44408]
Event: 7.499 Thread 0x0000000018490000 nmethod 1985 0x0000000002e47f50 code [0x0000000002e481e0, 0x0000000002e48c80]
Event: 7.499 Thread 0x0000000018490000 1984       4       java.io.Reader::read (21 bytes)
Event: 7.561 Thread 0x0000000018492000 nmethod 1983 0x0000000002e52490 code [0x0000000002e529e0, 0x0000000002e56768]
Event: 7.561 Thread 0x0000000018490000 nmethod 1984 0x0000000002e4cad0 code [0x0000000002e4cc60, 0x0000000002e4e5a8]

GC Heap History (8 events):
Event: 2.737 GC heap before
{Heap before GC invocations=1 (full 0):
 PSYoungGen      total 28672K, used 24576K [0x00000000e0980000, 0x00000000e2980000, 0x0000000100000000)
  eden space 24576K, 100% used [0x00000000e0980000,0x00000000e2180000,0x00000000e2180000)
  from space 4096K, 0% used [0x00000000e2580000,0x00000000e2580000,0x00000000e2980000)
  to   space 4096K, 0% used [0x00000000e2180000,0x00000000e2180000,0x00000000e2580000)
 ParOldGen       total 65536K, used 0K [0x00000000a1c00000, 0x00000000a5c00000, 0x00000000e0980000)
  object space 65536K, 0% used [0x00000000a1c00000,0x00000000a1c00000,0x00000000a5c00000)
 Metaspace       used 6877K, capacity 7032K, committed 7168K, reserved 1056768K
  class space    used 856K, capacity 920K, committed 1024K, reserved 1048576K
Event: 2.750 GC heap after
Heap after GC invocations=1 (full 0):
 PSYoungGen      total 28672K, used 3898K [0x00000000e0980000, 0x00000000e2980000, 0x0000000100000000)
  eden space 24576K, 0% used [0x00000000e0980000,0x00000000e0980000,0x00000000e2180000)
  from space 4096K, 95% used [0x00000000e2180000,0x00000000e254e858,0x00000000e2580000)
  to   space 4096K, 0% used [0x00000000e2580000,0x00000000e2580000,0x00000000e2980000)
 ParOldGen       total 65536K, used 8K [0x00000000a1c00000, 0x00000000a5c00000, 0x00000000e0980000)
  object space 65536K, 0% used [0x00000000a1c00000,0x00000000a1c02000,0x00000000a5c00000)
 Metaspace       used 6877K, capacity 7032K, committed 7168K, reserved 1056768K
  class space    used 856K, capacity 920K, committed 1024K, reserved 1048576K
}
Event: 4.442 GC heap before
{Heap before GC invocations=2 (full 0):
 PSYoungGen      total 28672K, used 28474K [0x00000000e0980000, 0x00000000e2980000, 0x0000000100000000)
  eden space 24576K, 100% used [0x00000000e0980000,0x00000000e2180000,0x00000000e2180000)
  from space 4096K, 95% used [0x00000000e2180000,0x00000000e254e858,0x00000000e2580000)
  to   space 4096K, 0% used [0x00000000e2580000,0x00000000e2580000,0x00000000e2980000)
 ParOldGen       total 65536K, used 8K [0x00000000a1c00000, 0x00000000a5c00000, 0x00000000e0980000)
  object space 65536K, 0% used [0x00000000a1c00000,0x00000000a1c02000,0x00000000a5c00000)
 Metaspace       used 9464K, capacity 9598K, committed 9728K, reserved 1058816K
  class space    used 1213K, capacity 1278K, committed 1280K, reserved 1048576K
Event: 4.460 GC heap after
Heap after GC invocations=2 (full 0):
 PSYoungGen      total 28672K, used 4071K [0x00000000e0980000, 0x00000000e2980000, 0x0000000100000000)
  eden space 24576K, 0% used [0x00000000e0980000,0x00000000e0980000,0x00000000e2180000)
  from space 4096K, 99% used [0x00000000e2580000,0x00000000e2979ff8,0x00000000e2980000)
  to   space 4096K, 0% used [0x00000000e2180000,0x00000000e2180000,0x00000000e2580000)
 ParOldGen       total 65536K, used 507K [0x00000000a1c00000, 0x00000000a5c00000, 0x00000000e0980000)
  object space 65536K, 0% used [0x00000000a1c00000,0x00000000a1c7ee08,0x00000000a5c00000)
 Metaspace       used 9464K, capacity 9598K, committed 9728K, reserved 1058816K
  class space    used 1213K, capacity 1278K, committed 1280K, reserved 1048576K
}
Event: 6.193 GC heap before
{Heap before GC invocations=3 (full 0):
 PSYoungGen      total 28672K, used 28647K [0x00000000e0980000, 0x00000000e2980000, 0x0000000100000000)
  eden space 24576K, 100% used [0x00000000e0980000,0x00000000e2180000,0x00000000e2180000)
  from space 4096K, 99% used [0x00000000e2580000,0x00000000e2979ff8,0x00000000e2980000)
  to   space 4096K, 0% used [0x00000000e2180000,0x00000000e2180000,0x00000000e2580000)
 ParOldGen       total 65536K, used 507K [0x00000000a1c00000, 0x00000000a5c00000, 0x00000000e0980000)
  object space 65536K, 0% used [0x00000000a1c00000,0x00000000a1c7ee08,0x00000000a5c00000)
 Metaspace       used 12292K, capacity 12550K, committed 12928K, reserved 1060864K
  class space    used 1502K, capacity 1578K, committed 1664K, reserved 1048576K
Event: 6.212 GC heap after
Heap after GC invocations=3 (full 0):
 PSYoungGen      total 28672K, used 4080K [0x00000000e0980000, 0x00000000e2980000, 0x0000000100000000)
  eden space 24576K, 0% used [0x00000000e0980000,0x00000000e0980000,0x00000000e2180000)
  from space 4096K, 99% used [0x00000000e2180000,0x00000000e257c010,0x00000000e2580000)
  to   space 4096K, 0% used [0x00000000e2580000,0x00000000e2580000,0x00000000e2980000)
 ParOldGen       total 65536K, used 2226K [0x00000000a1c00000, 0x00000000a5c00000, 0x00000000e0980000)
  object space 65536K, 3% used [0x00000000a1c00000,0x00000000a1e2c9b8,0x00000000a5c00000)
 Metaspace       used 12292K, capacity 12550K, committed 12928K, reserved 1060864K
  class space    used 1502K, capacity 1578K, committed 1664K, reserved 1048576K
}
Event: 7.194 GC heap before
{Heap before GC invocations=4 (full 0):
 PSYoungGen      total 28672K, used 28656K [0x00000000e0980000, 0x00000000e2980000, 0x0000000100000000)
  eden space 24576K, 100% used [0x00000000e0980000,0x00000000e2180000,0x00000000e2180000)
  from space 4096K, 99% used [0x00000000e2180000,0x00000000e257c010,0x00000000e2580000)
  to   space 4096K, 0% used [0x00000000e2580000,0x00000000e2580000,0x00000000e2980000)
 ParOldGen       total 65536K, used 2226K [0x00000000a1c00000, 0x00000000a5c00000, 0x00000000e0980000)
  object space 65536K, 3% used [0x00000000a1c00000,0x00000000a1e2c9b8,0x00000000a5c00000)
 Metaspace       used 12664K, capacity 12882K, committed 13184K, reserved 1060864K
  class space    used 1528K, capacity 1580K, committed 1664K, reserved 1048576K
Event: 7.209 GC heap after
Heap after GC invocations=4 (full 0):
 PSYoungGen      total 28672K, used 4080K [0x00000000e0980000, 0x00000000e2980000, 0x0000000100000000)
  eden space 24576K, 0% used [0x00000000e0980000,0x00000000e0980000,0x00000000e2180000)
  from space 4096K, 99% used [0x00000000e2580000,0x00000000e297c010,0x00000000e2980000)
  to   space 4096K, 0% used [0x00000000e2180000,0x00000000e2180000,0x00000000e2580000)
 ParOldGen       total 65536K, used 3077K [0x00000000a1c00000, 0x00000000a5c00000, 0x00000000e0980000)
  object space 65536K, 4% used [0x00000000a1c00000,0x00000000a1f016f8,0x00000000a5c00000)
 Metaspace       used 12664K, capacity 12882K, committed 13184K, reserved 1060864K
  class space    used 1528K, capacity 1580K, committed 1664K, reserved 1048576K
}

Deoptimization events (10 events):
Event: 3.986 Thread 0x0000000002644000 Uncommon trap: reason=class_check action=maybe_recompile pc=0x0000000002b43780 method=java.util.HashMap.putVal(ILjava/lang/Object;Ljava/lang/Object;ZZ)Ljava/lang/Object; @ 203
Event: 5.791 Thread 0x0000000002644000 Uncommon trap: reason=unreached action=reinterpret pc=0x0000000002a8f7f0 method=java.util.HashMap.hash(Ljava/lang/Object;)I @ 1
Event: 5.793 Thread 0x0000000002644000 Uncommon trap: reason=unreached action=reinterpret pc=0x0000000002b8762c method=java.util.HashMap.hash(Ljava/lang/Object;)I @ 1
Event: 6.076 Thread 0x0000000002644000 Uncommon trap: reason=class_check action=maybe_recompile pc=0x0000000002b42a70 method=java.util.HashMap.putVal(ILjava/lang/Object;Ljava/lang/Object;ZZ)Ljava/lang/Object; @ 203
Event: 6.245 Thread 0x0000000002644000 Uncommon trap: reason=null_check action=make_not_entrant pc=0x0000000002cd6eb8 method=org.apache.maven.model.io.xpp3.MavenXpp3Reader.checkFieldWithDuplicate(Lorg/codehaus/plexus/util/xml/pull/XmlPullParser;Ljava/lang/String;Ljava/lang/String;Ljava/util/Set¿µw∆UÀ@
Event: 6.449 Thread 0x0000000002644000 Uncommon trap: reason=predicate action=maybe_recompile pc=0x0000000002ced300 method=java.nio.charset.CharsetDecoder.decode(Ljava/nio/ByteBuffer;Ljava/nio/CharBuffer;Z)Ljava/nio/charset/CoderResult; @ 54
Event: 7.129 Thread 0x0000000002644000 Uncommon trap: reason=speculate_class_check action=maybe_recompile pc=0x0000000002dea898 method=java.nio.charset.CharsetDecoder.decode(Ljava/nio/ByteBuffer;Ljava/nio/CharBuffer;Z)Ljava/nio/charset/CoderResult; @ 57
Event: 7.132 Thread 0x0000000002644000 Uncommon trap: reason=speculate_class_check action=maybe_recompile pc=0x0000000002dea898 method=java.nio.charset.CharsetDecoder.decode(Ljava/nio/ByteBuffer;Ljava/nio/CharBuffer;Z)Ljava/nio/charset/CoderResult; @ 57
Event: 7.134 Thread 0x0000000002644000 Uncommon trap: reason=speculate_class_check action=maybe_recompile pc=0x0000000002dea898 method=java.nio.charset.CharsetDecoder.decode(Ljava/nio/ByteBuffer;Ljava/nio/CharBuffer;Z)Ljava/nio/charset/CoderResult; @ 57
Event: 7.135 Thread 0x0000000002644000 Uncommon trap: reason=speculate_class_check action=maybe_recompile pc=0x0000000002dea898 method=java.nio.charset.CharsetDecoder.decode(Ljava/nio/ByteBuffer;Ljava/nio/CharBuffer;Z)Ljava/nio/charset/CoderResult; @ 57

Internal exceptions (10 events):
Event: 7.437 Thread 0x0000000002644000 Exception <a 'java/security/PrivilegedActionException'> (0x00000000e0cd0360) thrown at [D:\re\workspace\8-2-build-windows-amd64-cygwin\jdk8u25\1677\hotspot\src\share\vm\prims\jvm.cpp, line 1312]
Event: 7.438 Thread 0x0000000002644000 Exception <a 'java/security/PrivilegedActionException'> (0x00000000e0cd6888) thrown at [D:\re\workspace\8-2-build-windows-amd64-cygwin\jdk8u25\1677\hotspot\src\share\vm\prims\jvm.cpp, line 1312]
Event: 7.439 Thread 0x0000000002644000 Exception <a 'java/security/PrivilegedActionException'> (0x00000000e0cdafb0) thrown at [D:\re\workspace\8-2-build-windows-amd64-cygwin\jdk8u25\1677\hotspot\src\share\vm\prims\jvm.cpp, line 1312]
Event: 7.439 Thread 0x0000000002644000 Exception <a 'java/security/PrivilegedActionException'> (0x00000000e0cdfc20) thrown at [D:\re\workspace\8-2-build-windows-amd64-cygwin\jdk8u25\1677\hotspot\src\share\vm\prims\jvm.cpp, line 1312]
Event: 7.440 Thread 0x0000000002644000 Exception <a 'java/security/PrivilegedActionException'> (0x00000000e0ce3990) thrown at [D:\re\workspace\8-2-build-windows-amd64-cygwin\jdk8u25\1677\hotspot\src\share\vm\prims\jvm.cpp, line 1312]
Event: 7.444 Thread 0x0000000002644000 Exception <a 'java/security/PrivilegedActionException'> (0x00000000e0cf5788) thrown at [D:\re\workspace\8-2-build-windows-amd64-cygwin\jdk8u25\1677\hotspot\src\share\vm\prims\jvm.cpp, line 1312]
Event: 7.445 Thread 0x0000000002644000 Exception <a 'java/security/PrivilegedActionException'> (0x00000000e0cfac10) thrown at [D:\re\workspace\8-2-build-windows-amd64-cygwin\jdk8u25\1677\hotspot\src\share\vm\prims\jvm.cpp, line 1312]
Event: 7.446 Thread 0x0000000002644000 Exception <a 'java/security/PrivilegedActionException'> (0x00000000e0d02368) thrown at [D:\re\workspace\8-2-build-windows-amd64-cygwin\jdk8u25\1677\hotspot\src\share\vm\prims\jvm.cpp, line 1312]
Event: 7.535 Thread 0x0000000002644000 Exception <a 'java/security/PrivilegedActionException'> (0x00000000e0d40080) thrown at [D:\re\workspace\8-2-build-windows-amd64-cygwin\jdk8u25\1677\hotspot\src\share\vm\prims\jvm.cpp, line 1312]
Event: 7.538 Thread 0x0000000002644000 Exception <a 'java/security/PrivilegedActionException'> (0x00000000e0d44a00) thrown at [D:\re\workspace\8-2-build-windows-amd64-cygwin\jdk8u25\1677\hotspot\src\share\vm\prims\jvm.cpp, line 1312]

Events (10 events):
Event: 7.534 loading class org/apache/commons/exec/InputStreamPumper done
Event: 7.534 loading class org/apache/commons/exec/InputStreamPumper
Event: 7.534 loading class org/apache/commons/exec/InputStreamPumper done
Event: 7.537 loading class org/apache/commons/exec/StreamPumper
Event: 7.537 loading class org/apache/commons/exec/StreamPumper done
Event: 7.538 loading class org/apache/commons/exec/StreamPumper
Event: 7.538 loading class org/apache/commons/exec/StreamPumper done
Event: 7.541 Thread 0x000000001a6ce800 Thread added: 0x000000001a6ce800
Event: 7.541 Thread 0x000000001b53f000 Thread added: 0x000000001b53f000
Event: 7.541 Thread 0x000000001a7a7800 Thread added: 0x000000001a7a7800


Dynamic libraries:
0x00007ff771000000 - 0x00007ff771034000 	C:\Users\Mathilde\Desktop\LO54\App\jdk\bin\java.exe
0x00007fff43740000 - 0x00007fff43921000 	C:\WINDOWS\SYSTEM32\ntdll.dll
0x00007fff43160000 - 0x00007fff43212000 	C:\WINDOWS\System32\KERNEL32.DLL
0x00007fff406c0000 - 0x00007fff40933000 	C:\WINDOWS\System32\KERNELBASE.dll
0x00007fff42ec0000 - 0x00007fff42f61000 	C:\WINDOWS\System32\ADVAPI32.dll
0x00007fff433e0000 - 0x00007fff4347e000 	C:\WINDOWS\System32\msvcrt.dll
0x00007fff43500000 - 0x00007fff4355b000 	C:\WINDOWS\System32\sechost.dll
0x00007fff43570000 - 0x00007fff43694000 	C:\WINDOWS\System32\RPCRT4.dll
0x00007fff40bd0000 - 0x00007fff40d60000 	C:\WINDOWS\System32\USER32.dll
0x00007fff40220000 - 0x00007fff40240000 	C:\WINDOWS\System32\win32u.dll
0x00007fff415d0000 - 0x00007fff415f8000 	C:\WINDOWS\System32\GDI32.dll
0x00007fff40290000 - 0x00007fff40422000 	C:\WINDOWS\System32\gdi32full.dll
0x00007fff40620000 - 0x00007fff406bf000 	C:\WINDOWS\System32\msvcp_win.dll
0x00007fff40ad0000 - 0x00007fff40bca000 	C:\WINDOWS\System32\ucrtbase.dll
0x00007fff30dd0000 - 0x00007fff31039000 	C:\WINDOWS\WinSxS\amd64_microsoft.windows.common-controls_6595b64144ccf1df_6.0.17134.471_none_fb3e9aab3068fc16\COMCTL32.dll
0x00007fff40e50000 - 0x00007fff41172000 	C:\WINDOWS\System32\combase.dll
0x00007fff40a50000 - 0x00007fff40aca000 	C:\WINDOWS\System32\bcryptPrimitives.dll
0x00007fff42e90000 - 0x00007fff42ebd000 	C:\WINDOWS\System32\IMM32.DLL
0x0000000059070000 - 0x0000000059142000 	C:\Users\Mathilde\Desktop\LO54\App\jdk\jre\bin\msvcr100.dll
0x0000000058810000 - 0x000000005906a000 	C:\Users\Mathilde\Desktop\LO54\App\jdk\jre\bin\server\jvm.dll
0x00007fff42f70000 - 0x00007fff42f78000 	C:\WINDOWS\System32\PSAPI.DLL
0x00007fff364e0000 - 0x00007fff36503000 	C:\WINDOWS\SYSTEM32\WINMM.dll
0x00007fff39320000 - 0x00007fff39329000 	C:\WINDOWS\SYSTEM32\WSOCK32.dll
0x00007fff432f0000 - 0x00007fff4335c000 	C:\WINDOWS\System32\WS2_32.dll
0x00007fff34da0000 - 0x00007fff34dca000 	C:\WINDOWS\SYSTEM32\winmmbase.dll
0x00007fff40240000 - 0x00007fff40289000 	C:\WINDOWS\System32\cfgmgr32.dll
0x0000000058800000 - 0x000000005880f000 	C:\Users\Mathilde\Desktop\LO54\App\jdk\jre\bin\verify.dll
0x00000000587d0000 - 0x00000000587f8000 	C:\Users\Mathilde\Desktop\LO54\App\jdk\jre\bin\java.dll
0x00000000587b0000 - 0x00000000587c6000 	C:\Users\Mathilde\Desktop\LO54\App\jdk\jre\bin\zip.dll
0x00007fff419a0000 - 0x00007fff42de0000 	C:\WINDOWS\System32\SHELL32.dll
0x00007fff42de0000 - 0x00007fff42e89000 	C:\WINDOWS\System32\shcore.dll
0x00007fff3fb10000 - 0x00007fff4021d000 	C:\WINDOWS\System32\windows.storage.dll
0x00007fff43480000 - 0x00007fff434d1000 	C:\WINDOWS\System32\shlwapi.dll
0x00007fff3fa60000 - 0x00007fff3fa71000 	C:\WINDOWS\System32\kernel.appcore.dll
0x00007fff3faf0000 - 0x00007fff3fb0f000 	C:\WINDOWS\System32\profapi.dll
0x00007fff3faa0000 - 0x00007fff3faec000 	C:\WINDOWS\System32\powrprof.dll
0x00007fff3fa50000 - 0x00007fff3fa5a000 	C:\WINDOWS\System32\FLTLIB.DLL
0x0000000058790000 - 0x00000000587aa000 	C:\Users\Mathilde\Desktop\LO54\App\jdk\jre\bin\net.dll
0x00007fff3f270000 - 0x00007fff3f2d6000 	C:\WINDOWS\system32\mswsock.dll
0x0000000058770000 - 0x0000000058781000 	C:\Users\Mathilde\Desktop\LO54\App\jdk\jre\bin\nio.dll
0x00007fff38d40000 - 0x00007fff38f09000 	C:\WINDOWS\SYSTEM32\dbghelp.dll

VM Arguments:
jvm_args: -Dclassworlds.conf=C:\Users\Mathilde\Desktop\LO54\App\netbeans\java\maven\bin\m2.conf -Dmaven.home=C:\Users\Mathilde\Desktop\LO54\App\netbeans\java\maven 
java_command: org.codehaus.plexus.classworlds.launcher.Launcher -Dexec.args=-Xdebug -Xrunjdwp:transport=dt_socket,server=n,address=1722 -classpath %classpath fr.utbm.ecole.App -Dexec.executable=C:\Users\Mathilde\Desktop\LO54\App\jdk\bin\java.exe -Djpda.listen=true -Djpda.address=1722 -Dmaven.ext.class.path=C:\Users\Mathilde\Desktop\LO54\App\netbeans\java\maven-nblib\netbeans-eventspy.jar -Dfile.encoding=UTF-8 -Djava.net.useSystemProxies=true org.codehaus.mojo:exec-maven-plugin:1.2.1:exec
java_class_path (initial): C:\Users\Mathilde\Desktop\LO54\App\netbeans\java\maven\boot\plexus-classworlds-2.4.jar
Launcher Type: SUN_STANDARD

Environment Variables:
JAVA_HOME=C:\Users\Mathilde\Desktop\LO54\App\jdk
PATH=C:\Program Files (x86)\Common Files\Oracle\Java\javapath;C:\Program Files (x86)\Embarcadero\RAD Studio\12.0\bin;C:\Users\Public\Documents\RAD Studio\12.0\Bpl;C:\Program Files (x86)\Embarcadero\RAD Studio\12.0\bin64;C:\Users\Public\Documents\RAD Studio\12.0\Bpl\Win64;C:\Program Files (x86)\Embarcadero\Studio\15.0\bin;C:\Users\Public\Documents\Embarcadero\Studio\15.0\Bpl;C:\Program Files (x86)\Embarcadero\Studio\15.0\bin64;C:\Users\Public\Documents\Embarcadero\Studio\15.0\Bpl\Win64;C:\ProgramData\Oracle\Java\javapath;C:\Program Files (x86)\Intel\iCLS Client\;C:\Program Files\Intel\iCLS Client\;C:\Windows\system32;C:\Windows;C:\Windows\System32\Wbem;C:\Windows\System32\WindowsPowerShell\v1.0\;C:\Program Files\Intel\Intel(R) Management Engine Components\DAL;C:\Program Files\Intel\Intel(R) Management Engine Components\IPT;C:\Program Files (x86)\Intel\Intel(R) Management Engine Components\DAL;C:\Program Files (x86)\Intel\Intel(R) Management Engine Components\IPT;C:\Program Files\TortoiseSVN\bin;C:\Program Files (x86)\NVIDIA Corporation\PhysX\Common;C:\WINDOWS\system32;C:\WINDOWS;C:\WINDOWS\System32\Wbem;C:\WINDOWS\System32\WindowsPowerShell\v1.0\;C:\Program Files (x86)\Skype\Phone\;C:\TDM-GCC-64\bin;C:\Program Files\Git\cmd;C:\Program Files\Microsoft SQL Server\130\Tools\Binn\;C:\Program Files\dotnet\;C:\Program Files\MiKTeX 2.9\miktex\bin\x64\;C:\WINDOWS\System32\OpenSSH\;C:\Users\Mathilde\AppData\Local\Microsoft\WindowsApps;C:\Users\Mathilde\AppData\Local\GitHubDesktop\bin;%USERPROFILE%\AppData\Local\Microsoft\WindowsApps;
USERNAME=Mathilde
OS=Windows_NT
PROCESSOR_IDENTIFIER=Intel64 Family 6 Model 60 Stepping 3, GenuineIntel



---------------  S Y S T E M  ---------------

OS: Windows 8.1 , 64 bit Build 9600 

CPU:total 8 (4 cores per cpu, 2 threads per core) family 6 model 60 stepping 3, cmov, cx8, fxsr, mmx, sse, sse2, sse3, ssse3, sse4.1, sse4.2, popcnt, avx, avx2, aes, clmul, erms, lzcnt, ht, tsc, tscinvbit, bmi1, bmi2

Memory: 4k page, physical 6171708k(896268k free), swap 6171708k(185744k free)

vm_info: Java HotSpot(TM) 64-Bit Server VM (25.25-b02) for windows-amd64 JRE (1.8.0_25-b18), built on Oct  7 2014 14:25:37 by "java_re" with MS VC++ 10.0 (VS2010)

time: Sat Dec 15 17:08:47 2018
elapsed time: 8 seconds (0d 0h 0m 8s)

