#
# There is insufficient memory for the Java Runtime Environment to continue.
# Native memory allocation (malloc) failed to allocate 1048576 bytes for AllocateHeap
# Possible reasons:
#   The system is out of physical RAM or swap space
#   In 32 bit mode, the process size limit was hit
# Possible solutions:
#   Reduce memory load on the system
#   Increase physical memory or swap space
#   Check if swap backing store is full
#   Use 64 bit Java on a 64 bit OS
#   Decrease Java heap size (-Xmx/-Xms)
#   Decrease number of Java threads
#   Decrease Java thread stack sizes (-Xss)
#   Set larger code cache with -XX:ReservedCodeCacheSize=
# This output file may be truncated or incomplete.
#
#  Out of Memory Error (memory/allocation.inline.hpp:62), pid=11096, tid=6560
#
# JRE version:  (8.0_25-b18) (build )
# Java VM: Java HotSpot(TM) 64-Bit Server VM (25.25-b02 mixed mode windows-amd64 compressed oops)
# Failed to write core dump. Minidumps are not enabled by default on client versions of Windows
#

---------------  T H R E A D  ---------------

Current thread (0x00000000023b4000):  JavaThread "Unknown thread" [_thread_in_vm, id=6560, stack(0x00000000022b0000,0x00000000023b0000)]

Stack: [0x00000000022b0000,0x00000000023b0000]
Native frames: (J=compiled Java code, j=interpreted, Vv=VM code, C=native code)
V  [jvm.dll+0x31667a]
V  [jvm.dll+0x267073]
V  [jvm.dll+0x267cb3]
V  [jvm.dll+0x25f5b5]
V  [jvm.dll+0x25e60f]
V  [jvm.dll+0x3d616c]
V  [jvm.dll+0x3d1967]
V  [jvm.dll+0xe53f2]
V  [jvm.dll+0x1f9b19]
V  [jvm.dll+0x22b2e4]
V  [jvm.dll+0x14d571]
C  [java.exe+0x20b6]
C  [java.exe+0xc9bb]
C  [java.exe+0xca4f]
C  [KERNEL32.DLL+0x13034]
C  [ntdll.dll+0x73691]


---------------  P R O C E S S  ---------------

Java Threads: ( => current thread )

Other Threads:

=>0x00000000023b4000 (exited) JavaThread "Unknown thread" [_thread_in_vm, id=6560, stack(0x00000000022b0000,0x00000000023b0000)]

VM state:not at safepoint (normal execution)

VM Mutex/Monitor currently owned by a thread: None

Heap:
 PSYoungGen      total 28672K, used 491K [0x00000000e0980000, 0x00000000e2980000, 0x0000000100000000)
  eden space 24576K, 2% used [0x00000000e0980000,0x00000000e09fae20,0x00000000e2180000)
  from space 4096K, 0% used [0x00000000e2580000,0x00000000e2580000,0x00000000e2980000)
  to   space 4096K, 0% used [0x00000000e2180000,0x00000000e2180000,0x00000000e2580000)
 ParOldGen       total 65536K, used 0K [0x00000000a1c00000, 0x00000000a5c00000, 0x00000000e0980000)
  object space 65536K, 0% used [0x00000000a1c00000,0x00000000a1c00000,0x00000000a5c00000)
 Metaspace       used 674K, capacity 4480K, committed 4480K, reserved 1056768K
  class space    used 66K, capacity 384K, committed 384K, reserved 1048576K

Card table byte_map: [0x0000000011870000,0x0000000011b70000] byte_map_base: 0x0000000011362000

Marking Bits: (ParMarkBitMap*) 0x00000000779dd490
 Begin Bits: [0x0000000012570000, 0x0000000013d00000)
 End Bits:   [0x0000000013d00000, 0x0000000015490000)

Polling page: 0x00000000001f0000

CodeCache: size=245760Kb used=327Kb max_used=327Kb free=245432Kb
 bounds [0x00000000024b0000, 0x0000000002720000, 0x00000000114b0000]
 total_blobs=56 nmethods=0 adapters=37
 compilation: enabled

Compilation events (0 events):
No events

GC Heap History (0 events):
No events

Deoptimization events (0 events):
No events

Internal exceptions (0 events):
No events

Events (10 events):
Event: 0.020 loading class java/lang/Short
Event: 0.020 loading class java/lang/Short done
Event: 0.020 loading class java/lang/Integer
Event: 0.020 loading class java/lang/Integer done
Event: 0.020 loading class java/lang/Long
Event: 0.020 loading class java/lang/Long done
Event: 0.021 loading class java/lang/NullPointerException
Event: 0.021 loading class java/lang/NullPointerException done
Event: 0.021 loading class java/lang/ArithmeticException
Event: 0.021 loading class java/lang/ArithmeticException done


Dynamic libraries:
0x00007ff775c80000 - 0x00007ff775cb4000 	C:\Users\Mathilde\Desktop\LO54\App\jdk\bin\java.exe
0x00007ff84bd20000 - 0x00007ff84bf01000 	C:\WINDOWS\SYSTEM32\ntdll.dll
0x00007ff84a3b0000 - 0x00007ff84a462000 	C:\WINDOWS\System32\KERNEL32.DLL
0x00007ff8481e0000 - 0x00007ff848453000 	C:\WINDOWS\System32\KERNELBASE.dll
0x00007ff849e20000 - 0x00007ff849ec1000 	C:\WINDOWS\System32\ADVAPI32.dll
0x00007ff84a470000 - 0x00007ff84a50e000 	C:\WINDOWS\System32\msvcrt.dll
0x00007ff849f00000 - 0x00007ff849f5b000 	C:\WINDOWS\System32\sechost.dll
0x00007ff84a160000 - 0x00007ff84a284000 	C:\WINDOWS\System32\RPCRT4.dll
0x00007ff849330000 - 0x00007ff8494c0000 	C:\WINDOWS\System32\USER32.dll
0x00007ff8484e0000 - 0x00007ff848500000 	C:\WINDOWS\System32\win32u.dll
0x00007ff84a380000 - 0x00007ff84a3a8000 	C:\WINDOWS\System32\GDI32.dll
0x00007ff848500000 - 0x00007ff848692000 	C:\WINDOWS\System32\gdi32full.dll
0x00007ff8480f0000 - 0x00007ff84818f000 	C:\WINDOWS\System32\msvcp_win.dll
0x00007ff848e10000 - 0x00007ff848f0a000 	C:\WINDOWS\System32\ucrtbase.dll
0x00007ff83b6f0000 - 0x00007ff83b959000 	C:\WINDOWS\WinSxS\amd64_microsoft.windows.common-controls_6595b64144ccf1df_6.0.17134.471_none_fb3e9aab3068fc16\COMCTL32.dll
0x00007ff849af0000 - 0x00007ff849e12000 	C:\WINDOWS\System32\combase.dll
0x00007ff848460000 - 0x00007ff8484da000 	C:\WINDOWS\System32\bcryptPrimitives.dll
0x00007ff849ed0000 - 0x00007ff849efd000 	C:\WINDOWS\System32\IMM32.DLL
0x0000000050b00000 - 0x0000000050bd2000 	C:\Users\Mathilde\Desktop\LO54\App\jdk\jre\bin\msvcr100.dll
0x0000000077200000 - 0x0000000077a5a000 	C:\Users\Mathilde\Desktop\LO54\App\jdk\jre\bin\server\jvm.dll
0x00007ff849f70000 - 0x00007ff849f78000 	C:\WINDOWS\System32\PSAPI.DLL
0x00007ff846010000 - 0x00007ff846033000 	C:\WINDOWS\SYSTEM32\WINMM.dll
0x00007ff8420f0000 - 0x00007ff8420f9000 	C:\WINDOWS\SYSTEM32\WSOCK32.dll
0x00007ff84a510000 - 0x00007ff84a57c000 	C:\WINDOWS\System32\WS2_32.dll
0x00007ff845bc0000 - 0x00007ff845bea000 	C:\WINDOWS\SYSTEM32\winmmbase.dll
0x00007ff848190000 - 0x00007ff8481d9000 	C:\WINDOWS\System32\cfgmgr32.dll
0x0000000051180000 - 0x000000005118f000 	C:\Users\Mathilde\Desktop\LO54\App\jdk\jre\bin\verify.dll
0x0000000050c20000 - 0x0000000050c48000 	C:\Users\Mathilde\Desktop\LO54\App\jdk\jre\bin\java.dll
0x0000000050ae0000 - 0x0000000050af6000 	C:\Users\Mathilde\Desktop\LO54\App\jdk\jre\bin\zip.dll
0x00007ff839120000 - 0x00007ff8392e9000 	C:\WINDOWS\SYSTEM32\dbghelp.dll

VM Arguments:
jvm_args: -Dclassworlds.conf=C:\Users\Mathilde\Desktop\LO54\App\netbeans\java\maven\bin\m2.conf -Dmaven.home=C:\Users\Mathilde\Desktop\LO54\App\netbeans\java\maven 
java_command: org.codehaus.plexus.classworlds.launcher.Launcher -Dmaven.ext.class.path=C:\Users\Mathilde\Desktop\LO54\App\netbeans\java\maven-nblib\netbeans-eventspy.jar -Dfile.encoding=UTF-8 -Djava.net.useSystemProxies=true clean install
java_class_path (initial): C:\Users\Mathilde\Desktop\LO54\App\netbeans\java\maven\boot\plexus-classworlds-2.4.jar
Launcher Type: SUN_STANDARD

Environment Variables:
JAVA_HOME=C:\Users\Mathilde\Desktop\LO54\App\jdk
PATH=C:\Program Files (x86)\Common Files\Oracle\Java\javapath;C:\Program Files (x86)\Embarcadero\RAD Studio\12.0\bin;C:\Users\Public\Documents\RAD Studio\12.0\Bpl;C:\Program Files (x86)\Embarcadero\RAD Studio\12.0\bin64;C:\Users\Public\Documents\RAD Studio\12.0\Bpl\Win64;C:\Program Files (x86)\Embarcadero\Studio\15.0\bin;C:\Users\Public\Documents\Embarcadero\Studio\15.0\Bpl;C:\Program Files (x86)\Embarcadero\Studio\15.0\bin64;C:\Users\Public\Documents\Embarcadero\Studio\15.0\Bpl\Win64;C:\ProgramData\Oracle\Java\javapath;C:\Program Files (x86)\Intel\iCLS Client\;C:\Program Files\Intel\iCLS Client\;C:\Windows\system32;C:\Windows;C:\Windows\System32\Wbem;C:\Windows\System32\WindowsPowerShell\v1.0\;C:\Program Files\Intel\Intel(R) Management Engine Components\DAL;C:\Program Files\Intel\Intel(R) Management Engine Components\IPT;C:\Program Files (x86)\Intel\Intel(R) Management Engine Components\DAL;C:\Program Files (x86)\Intel\Intel(R) Management Engine Components\IPT;C:\Program Files\TortoiseSVN\bin;C:\Program Files (x86)\NVIDIA Corporation\PhysX\Common;C:\WINDOWS\system32;C:\WINDOWS;C:\WINDOWS\System32\Wbem;C:\WINDOWS\System32\WindowsPowerShell\v1.0\;C:\Program Files (x86)\Skype\Phone\;C:\TDM-GCC-64\bin;C:\Program Files\Git\cmd;C:\Program Files\Microsoft SQL Server\130\Tools\Binn\;C:\Program Files\dotnet\;C:\Program Files\MiKTeX 2.9\miktex\bin\x64\;C:\WINDOWS\System32\OpenSSH\;C:\Users\Mathilde\AppData\Local\Microsoft\WindowsApps;C:\Users\Mathilde\AppData\Local\GitHubDesktop\bin;%USERPROFILE%\AppData\Local\Microsoft\WindowsApps;
USERNAME=Mathilde
OS=Windows_NT
PROCESSOR_IDENTIFIER=Intel64 Family 6 Model 60 Stepping 3, GenuineIntel



---------------  S Y S T E M  ---------------

OS: Windows 8.1 , 64 bit Build 9600 

CPU:total 8 (4 cores per cpu, 2 threads per core) family 6 model 60 stepping 3, cmov, cx8, fxsr, mmx, sse, sse2, sse3, ssse3, sse4.1, sse4.2, popcnt, avx, avx2, aes, clmul, erms, lzcnt, ht, tsc, tscinvbit, bmi1, bmi2

Memory: 4k page, physical 6171708k(671236k free), swap 6171708k(5552k free)

vm_info: Java HotSpot(TM) 64-Bit Server VM (25.25-b02) for windows-amd64 JRE (1.8.0_25-b18), built on Oct  7 2014 14:25:37 by "java_re" with MS VC++ 10.0 (VS2010)

time: Tue Dec 18 15:08:56 2018
elapsed time: 0 seconds (0d 0h 0m 0s)

